Initializing Coti provider...
Creating Coti wallet...
Wallet address: 0xe45FC1a7D84e73C8c71EdF2814E7467F7C86a8A2
Creating contract instance...
✅ Coti service initialized successfully!
🚀 Coti Date Game Server running on port 3002
📍 Health check: http://localhost:3002/health
Storing date: 1995-01-01
Birth date: 1995-01-01T00:00:00.000Z
Calculated age in years: 30
BigInt value for storage: 30
Encrypting value...
Sending transaction...
Transaction sent: 0xd28da7214702c644076c085d2629fd1f06faa3409f86c233ceb39ba184f36918
Age stored successfully. Calculated age: 30
Comparing with age: 20 operation: greater
Calculated age for comparison: 20
BigInt value for comparison: 20
Date set status: set
Encrypting comparison value...
Is age set before comparison: true
Calling comparison transaction...
Transaction sent: 0xd40c5f2d1a186d78fd44046ccde13a7fafa7e4e7a3240adfb19930b310a20a31
Transaction confirmed in block: 4160885
Reading comparison result from view function...
Got encrypted result (ctUint8): 98946707957384778745388582925610002262118898036072203936259052873902562481581
Decrypted clear value: 1n
Boolean result: true
Comparing with age: 40 operation: greater
Calculated age for comparison: 40
BigInt value for comparison: 40
Date set status: set
Encrypting comparison value...
Is age set before comparison: true
Calling comparison transaction...
Transaction sent: 0x3e8c122c5f74a3781a4a195240df85196ead4fbec36c82a20585f47615cc3931
Transaction confirmed in block: 4160889
Reading comparison result from view function...
Got encrypted result (ctUint8): 29268461707585657926838628380183579264842604000894916516491062832396936770225
Decrypted clear value: 0n
Boolean result: false
Comparing with age: 29 operation: greater
Calculated age for comparison: 29
BigInt value for comparison: 29
Date set status: set
Encrypting comparison value...
Is age set before comparison: true
Calling comparison transaction...
Transaction sent: 0x91001b365bae4718ae9022debd7803a02f08c06571352d3cdf980be97d497d4a
Transaction confirmed in block: 4160893
Reading comparison result from view function...
Got encrypted result (ctUint8): 48034295438454861991374429168632742058756904421986346302738182012749360004457
Decrypted clear value: 1n
Boolean result: true
Comparing with age: 31 operation: greater
Calculated age for comparison: 31
BigInt value for comparison: 31
Date set status: set
Encrypting comparison value...
Is age set before comparison: true
Calling comparison transaction...
Transaction sent: 0xc2652477a31b6a5669d3641b222aef9f36a06cccecb02ef4b2c296560d3482de
Transaction confirmed in block: 4160898
Reading comparison result from view function...
Got encrypted result (ctUint8): 51764701496358823599466481731349748964232097811412820297346245722602178605194
Decrypted clear value: 0n
Boolean result: false
Storing date: 1980-01-01
Birth date: 1980-01-01T00:00:00.000Z
Calculated age in years: 45
BigInt value for storage: 45
Encrypting value...
Sending transaction...
Transaction sent: 0x8f59cb114d9a45a82c3d5a9e8d2219b9a01f5099109032e3f5c0fa07c08bfcda
Age stored successfully. Calculated age: 45
Comparing with age: 12 operation: greater
Calculated age for comparison: 12
BigInt value for comparison: 12
Date set status: set
Encrypting comparison value...
Is age set before comparison: true
Calling comparison transaction...
Transaction sent: 0x6abfca22cbb6d5e84623a551a93edb04d783c616858b8d8dccc31fc22d333149
Transaction confirmed in block: 4161516
Reading comparison result from view function...
Got encrypted result (ctUint8): 9008153270725239046866099146742353918684873224088553877293892694392804626135
Decrypted clear value: 1n
Boolean result: true
Comparing with age: 50 operation: greater
Calculated age for comparison: 50
BigInt value for comparison: 50
Date set status: set
Encrypting comparison value...
Is age set before comparison: true
Calling comparison transaction...
Transaction sent: 0xa53728ddad9452c466bcbd5d068f007e938c588e236caa3a35f6de4ac3005800
Transaction confirmed in block: 4161519
Reading comparison result from view function...
Got encrypted result (ctUint8): 34703903705311877023715273644229433205498726338734850890525338781331711684969
Decrypted clear value: 0n
Boolean result: false
Comparing with age: 44 operation: greater
Calculated age for comparison: 44
BigInt value for comparison: 44
Date set status: set
Encrypting comparison value...
Is age set before comparison: true
Calling comparison transaction...
Transaction sent: 0x1a3e202d134571039e10f5615c5759f83d02863064735ccd2c2ccac4ebfe2995
Transaction confirmed in block: 4161524
Reading comparison result from view function...
Got encrypted result (ctUint8): 31492678915075867582054187255219166277818796060729665964158843066734448314901
Decrypted clear value: 1n
Boolean result: true
